{"/Users/joellacey/turing/mod-4/react_fe/assets/logo.png": {"path":"/Users/joellacey/turing/mod-4/react_fe/assets/logo.png","statementMap":{"0":{"start":{"line":1,"column":0},"end":{"line":1,"column":19}}},"fnMap":{},"branchMap":{},"s":{"0":2},"f":{},"b":{},"_coverageSchema":"43e27e138ebf9cfc5966b082cf9a028302ed4184","hash":"1b10c31a588dfdc39c6291a129abacf06c7d7724"}
,"/Users/joellacey/turing/mod-4/react_fe/assets/icons/categories/beauty.png": {"path":"/Users/joellacey/turing/mod-4/react_fe/assets/icons/categories/beauty.png","statementMap":{"0":{"start":{"line":1,"column":0},"end":{"line":1,"column":19}}},"fnMap":{},"branchMap":{},"s":{"0":2},"f":{},"b":{},"_coverageSchema":"43e27e138ebf9cfc5966b082cf9a028302ed4184","hash":"65ecd0561ea2db341860622858bb418b66501c6f"}
,"/Users/joellacey/turing/mod-4/react_fe/assets/icons/categories/cleaning.png": {"path":"/Users/joellacey/turing/mod-4/react_fe/assets/icons/categories/cleaning.png","statementMap":{"0":{"start":{"line":1,"column":0},"end":{"line":1,"column":19}}},"fnMap":{},"branchMap":{},"s":{"0":2},"f":{},"b":{},"_coverageSchema":"43e27e138ebf9cfc5966b082cf9a028302ed4184","hash":"43485b1c46a9bca038278dd267ecaefc188ba374"}
,"/Users/joellacey/turing/mod-4/react_fe/assets/icons/categories/communityService.png": {"path":"/Users/joellacey/turing/mod-4/react_fe/assets/icons/categories/communityService.png","statementMap":{"0":{"start":{"line":1,"column":0},"end":{"line":1,"column":19}}},"fnMap":{},"branchMap":{},"s":{"0":2},"f":{},"b":{},"_coverageSchema":"43e27e138ebf9cfc5966b082cf9a028302ed4184","hash":"95a188205686c9eec8fb77fc1614fde1ef12202a"}
,"/Users/joellacey/turing/mod-4/react_fe/assets/icons/categories/cooking.png": {"path":"/Users/joellacey/turing/mod-4/react_fe/assets/icons/categories/cooking.png","statementMap":{"0":{"start":{"line":1,"column":0},"end":{"line":1,"column":19}}},"fnMap":{},"branchMap":{},"s":{"0":2},"f":{},"b":{},"_coverageSchema":"43e27e138ebf9cfc5966b082cf9a028302ed4184","hash":"fd72be8e16580c7bd3639ba8b38bccc25a43fd53"}
,"/Users/joellacey/turing/mod-4/react_fe/assets/icons/categories/crafting.png": {"path":"/Users/joellacey/turing/mod-4/react_fe/assets/icons/categories/crafting.png","statementMap":{"0":{"start":{"line":1,"column":0},"end":{"line":1,"column":19}}},"fnMap":{},"branchMap":{},"s":{"0":2},"f":{},"b":{},"_coverageSchema":"43e27e138ebf9cfc5966b082cf9a028302ed4184","hash":"ee10eea3345489b1785a112fff0633d2ff2f48fe"}
,"/Users/joellacey/turing/mod-4/react_fe/assets/icons/categories/exercise.png": {"path":"/Users/joellacey/turing/mod-4/react_fe/assets/icons/categories/exercise.png","statementMap":{"0":{"start":{"line":1,"column":0},"end":{"line":1,"column":19}}},"fnMap":{},"branchMap":{},"s":{"0":2},"f":{},"b":{},"_coverageSchema":"43e27e138ebf9cfc5966b082cf9a028302ed4184","hash":"d110ceb08bfd192b163a830e787a243df2980ee0"}
,"/Users/joellacey/turing/mod-4/react_fe/assets/icons/categories/gardening.png": {"path":"/Users/joellacey/turing/mod-4/react_fe/assets/icons/categories/gardening.png","statementMap":{"0":{"start":{"line":1,"column":0},"end":{"line":1,"column":19}}},"fnMap":{},"branchMap":{},"s":{"0":2},"f":{},"b":{},"_coverageSchema":"43e27e138ebf9cfc5966b082cf9a028302ed4184","hash":"01a4a24b084bad6250fbf31c780ab2cbfb037260"}
,"/Users/joellacey/turing/mod-4/react_fe/assets/icons/categories/group.png": {"path":"/Users/joellacey/turing/mod-4/react_fe/assets/icons/categories/group.png","statementMap":{"0":{"start":{"line":1,"column":0},"end":{"line":1,"column":19}}},"fnMap":{},"branchMap":{},"s":{"0":2},"f":{},"b":{},"_coverageSchema":"43e27e138ebf9cfc5966b082cf9a028302ed4184","hash":"d4083ef1eab923d63882c41e39fe9e83bd9c997e"}
,"/Users/joellacey/turing/mod-4/react_fe/assets/icons/categories/indoor.png": {"path":"/Users/joellacey/turing/mod-4/react_fe/assets/icons/categories/indoor.png","statementMap":{"0":{"start":{"line":1,"column":0},"end":{"line":1,"column":19}}},"fnMap":{},"branchMap":{},"s":{"0":2},"f":{},"b":{},"_coverageSchema":"43e27e138ebf9cfc5966b082cf9a028302ed4184","hash":"c5425a894bfb150d926b7aaa9d5a9ad9b11ba1ae"}
,"/Users/joellacey/turing/mod-4/react_fe/assets/icons/categories/journaling.png": {"path":"/Users/joellacey/turing/mod-4/react_fe/assets/icons/categories/journaling.png","statementMap":{"0":{"start":{"line":1,"column":0},"end":{"line":1,"column":19}}},"fnMap":{},"branchMap":{},"s":{"0":2},"f":{},"b":{},"_coverageSchema":"43e27e138ebf9cfc5966b082cf9a028302ed4184","hash":"a177bc515cc138d17853b76d17e05912dc1ce032"}
,"/Users/joellacey/turing/mod-4/react_fe/assets/icons/categories/mindfulness.png": {"path":"/Users/joellacey/turing/mod-4/react_fe/assets/icons/categories/mindfulness.png","statementMap":{"0":{"start":{"line":1,"column":0},"end":{"line":1,"column":19}}},"fnMap":{},"branchMap":{},"s":{"0":2},"f":{},"b":{},"_coverageSchema":"43e27e138ebf9cfc5966b082cf9a028302ed4184","hash":"f750923a561292c048ec124e5e81b32fe1623fb6"}
,"/Users/joellacey/turing/mod-4/react_fe/assets/icons/categories/music.png": {"path":"/Users/joellacey/turing/mod-4/react_fe/assets/icons/categories/music.png","statementMap":{"0":{"start":{"line":1,"column":0},"end":{"line":1,"column":19}}},"fnMap":{},"branchMap":{},"s":{"0":2},"f":{},"b":{},"_coverageSchema":"43e27e138ebf9cfc5966b082cf9a028302ed4184","hash":"8d269202415e5433cfcf43d364ce547e71d3d4a5"}
,"/Users/joellacey/turing/mod-4/react_fe/assets/icons/categories/organizing.png": {"path":"/Users/joellacey/turing/mod-4/react_fe/assets/icons/categories/organizing.png","statementMap":{"0":{"start":{"line":1,"column":0},"end":{"line":1,"column":19}}},"fnMap":{},"branchMap":{},"s":{"0":2},"f":{},"b":{},"_coverageSchema":"43e27e138ebf9cfc5966b082cf9a028302ed4184","hash":"03d51c81cda3fd1546615457295a85da7018855a"}
,"/Users/joellacey/turing/mod-4/react_fe/assets/icons/categories/outdoor.png": {"path":"/Users/joellacey/turing/mod-4/react_fe/assets/icons/categories/outdoor.png","statementMap":{"0":{"start":{"line":1,"column":0},"end":{"line":1,"column":19}}},"fnMap":{},"branchMap":{},"s":{"0":2},"f":{},"b":{},"_coverageSchema":"43e27e138ebf9cfc5966b082cf9a028302ed4184","hash":"0502afbb2c5beed971b8260ad5268471f8516976"}
,"/Users/joellacey/turing/mod-4/react_fe/assets/icons/categories/reading.png": {"path":"/Users/joellacey/turing/mod-4/react_fe/assets/icons/categories/reading.png","statementMap":{"0":{"start":{"line":1,"column":0},"end":{"line":1,"column":19}}},"fnMap":{},"branchMap":{},"s":{"0":2},"f":{},"b":{},"_coverageSchema":"43e27e138ebf9cfc5966b082cf9a028302ed4184","hash":"5a441b6843cdaeb8ff4b67f0e0d6d03dcbb3c541"}
,"/Users/joellacey/turing/mod-4/react_fe/assets/icons/categories/shopping.png": {"path":"/Users/joellacey/turing/mod-4/react_fe/assets/icons/categories/shopping.png","statementMap":{"0":{"start":{"line":1,"column":0},"end":{"line":1,"column":19}}},"fnMap":{},"branchMap":{},"s":{"0":2},"f":{},"b":{},"_coverageSchema":"43e27e138ebf9cfc5966b082cf9a028302ed4184","hash":"c6703f63d84069c85959900d48d18629739afe78"}
,"/Users/joellacey/turing/mod-4/react_fe/assets/icons/categories/solo.png": {"path":"/Users/joellacey/turing/mod-4/react_fe/assets/icons/categories/solo.png","statementMap":{"0":{"start":{"line":1,"column":0},"end":{"line":1,"column":19}}},"fnMap":{},"branchMap":{},"s":{"0":2},"f":{},"b":{},"_coverageSchema":"43e27e138ebf9cfc5966b082cf9a028302ed4184","hash":"31b59a0928a678f2df7bb05f75a1789f3b987ca2"}
,"/Users/joellacey/turing/mod-4/react_fe/src/components/Calendar/Calendar.js": {"path":"/Users/joellacey/turing/mod-4/react_fe/src/components/Calendar/Calendar.js","statementMap":{"0":{"start":{"line":9,"column":31},"end":{"line":9,"column":51}},"1":{"start":{"line":10,"column":36},"end":{"line":10,"column":51}},"2":{"start":{"line":12,"column":4},"end":{"line":14,"column":10}},"3":{"start":{"line":13,"column":8},"end":{"line":13,"column":22}},"4":{"start":{"line":16,"column":24},"end":{"line":26,"column":5}},"5":{"start":{"line":17,"column":8},"end":{"line":25,"column":43}},"6":{"start":{"line":18,"column":26},"end":{"line":18,"column":37}},"7":{"start":{"line":20,"column":16},"end":{"line":23,"column":17}},"8":{"start":{"line":21,"column":20},"end":{"line":21,"column":39}},"9":{"start":{"line":22,"column":20},"end":{"line":22,"column":34}},"10":{"start":{"line":25,"column":26},"end":{"line":25,"column":42}},"11":{"start":{"line":28,"column":27},"end":{"line":49,"column":10}},"12":{"start":{"line":29,"column":62},"end":{"line":29,"column":67}},"13":{"start":{"line":30,"column":8},"end":{"line":30,"column":64}},"14":{"start":{"line":31,"column":8},"end":{"line":31,"column":60}},"15":{"start":{"line":32,"column":25},"end":{"line":32,"column":96}},"16":{"start":{"line":33,"column":26},"end":{"line":33,"column":51}},"17":{"start":{"line":34,"column":21},"end":{"line":34,"column":99}},"18":{"start":{"line":35,"column":25},"end":{"line":35,"column":54}},"19":{"start":{"line":36,"column":26},"end":{"line":40,"column":9}},"20":{"start":{"line":42,"column":8},"end":{"line":46,"column":9}},"21":{"start":{"line":43,"column":12},"end":{"line":43,"column":46}},"22":{"start":{"line":45,"column":12},"end":{"line":45,"column":48}},"23":{"start":{"line":48,"column":8},"end":{"line":48,"column":26}},"24":{"start":{"line":51,"column":24},"end":{"line":57,"column":6}},"25":{"start":{"line":52,"column":8},"end":{"line":56,"column":9}},"26":{"start":{"line":59,"column":4},"end":{"line":74,"column":6}},"27":{"start":{"line":64,"column":47},"end":{"line":64,"column":59}},"28":{"start":{"line":65,"column":42},"end":{"line":65,"column":121}},"29":{"start":{"line":67,"column":20},"end":{"line":67,"column":59}},"30":{"start":{"line":77,"column":15},"end":{"line":106,"column":2}}},"fnMap":{"0":{"name":"Calendar","decl":{"start":{"line":8,"column":24},"end":{"line":8,"column":32}},"loc":{"start":{"line":8,"column":35},"end":{"line":75,"column":1}},"line":8},"1":{"name":"(anonymous_1)","decl":{"start":{"line":12,"column":14},"end":{"line":12,"column":15}},"loc":{"start":{"line":12,"column":20},"end":{"line":14,"column":5}},"line":12},"2":{"name":"(anonymous_2)","decl":{"start":{"line":16,"column":24},"end":{"line":16,"column":25}},"loc":{"start":{"line":16,"column":30},"end":{"line":26,"column":5}},"line":16},"3":{"name":"(anonymous_3)","decl":{"start":{"line":18,"column":18},"end":{"line":18,"column":19}},"loc":{"start":{"line":18,"column":26},"end":{"line":18,"column":37}},"line":18},"4":{"name":"(anonymous_4)","decl":{"start":{"line":19,"column":18},"end":{"line":19,"column":19}},"loc":{"start":{"line":19,"column":26},"end":{"line":24,"column":13}},"line":19},"5":{"name":"(anonymous_5)","decl":{"start":{"line":25,"column":19},"end":{"line":25,"column":20}},"loc":{"start":{"line":25,"column":26},"end":{"line":25,"column":42}},"line":25},"6":{"name":"(anonymous_6)","decl":{"start":{"line":28,"column":43},"end":{"line":28,"column":44}},"loc":{"start":{"line":28,"column":66},"end":{"line":49,"column":5}},"line":28},"7":{"name":"(anonymous_7)","decl":{"start":{"line":51,"column":56},"end":{"line":51,"column":57}},"loc":{"start":{"line":51,"column":74},"end":{"line":57,"column":5}},"line":51},"8":{"name":"(anonymous_8)","decl":{"start":{"line":64,"column":30},"end":{"line":64,"column":31}},"loc":{"start":{"line":64,"column":47},"end":{"line":64,"column":59}},"line":64},"9":{"name":"(anonymous_9)","decl":{"start":{"line":65,"column":28},"end":{"line":65,"column":29}},"loc":{"start":{"line":65,"column":42},"end":{"line":65,"column":121}},"line":65},"10":{"name":"(anonymous_10)","decl":{"start":{"line":66,"column":37},"end":{"line":66,"column":38}},"loc":{"start":{"line":67,"column":20},"end":{"line":67,"column":59}},"line":67}},"branchMap":{"0":{"loc":{"start":{"line":20,"column":16},"end":{"line":23,"column":17}},"type":"if","locations":[{"start":{"line":20,"column":16},"end":{"line":23,"column":17}},{"start":{"line":20,"column":16},"end":{"line":23,"column":17}}],"line":20},"1":{"loc":{"start":{"line":42,"column":8},"end":{"line":46,"column":9}},"type":"if","locations":[{"start":{"line":42,"column":8},"end":{"line":46,"column":9}},{"start":{"line":42,"column":8},"end":{"line":46,"column":9}}],"line":42}},"s":{"0":0,"1":0,"2":0,"3":0,"4":0,"5":0,"6":0,"7":0,"8":0,"9":0,"10":0,"11":0,"12":0,"13":0,"14":0,"15":0,"16":0,"17":0,"18":0,"19":0,"20":0,"21":0,"22":0,"23":0,"24":0,"25":0,"26":0,"27":0,"28":0,"29":0,"30":1},"f":{"0":0,"1":0,"2":0,"3":0,"4":0,"5":0,"6":0,"7":0,"8":0,"9":0,"10":0},"b":{"0":[0,0],"1":[0,0]},"_coverageSchema":"43e27e138ebf9cfc5966b082cf9a028302ed4184","hash":"f62a7e586081b338eb7f572e8e3d248904cb3d91"}
,"/Users/joellacey/turing/mod-4/react_fe/src/components/Calendar/TreatEvent.js": {"path":"/Users/joellacey/turing/mod-4/react_fe/src/components/Calendar/TreatEvent.js","statementMap":{"0":{"start":{"line":5,"column":4},"end":{"line":13,"column":6}},"1":{"start":{"line":16,"column":15},"end":{"line":35,"column":2}}},"fnMap":{"0":{"name":"TreatEvent","decl":{"start":{"line":4,"column":24},"end":{"line":4,"column":34}},"loc":{"start":{"line":4,"column":62},"end":{"line":14,"column":1}},"line":4}},"branchMap":{"0":{"loc":{"start":{"line":7,"column":41},"end":{"line":7,"column":95}},"type":"cond-expr","locations":[{"start":{"line":7,"column":63},"end":{"line":7,"column":75}},{"start":{"line":7,"column":78},"end":{"line":7,"column":95}}],"line":7}},"s":{"0":2,"1":2},"f":{"0":2},"b":{"0":[1,1]},"_coverageSchema":"43e27e138ebf9cfc5966b082cf9a028302ed4184","hash":"4c5ab0e1dc939f795f59f9d8a37a29e10d63a22a"}
,"/Users/joellacey/turing/mod-4/react_fe/src/components/Index/Index.js": {"path":"/Users/joellacey/turing/mod-4/react_fe/src/components/Index/Index.js","statementMap":{"0":{"start":{"line":10,"column":2},"end":{"line":18,"column":4}},"1":{"start":{"line":23,"column":15},"end":{"line":31,"column":2}}},"fnMap":{"0":{"name":"App","decl":{"start":{"line":9,"column":24},"end":{"line":9,"column":27}},"loc":{"start":{"line":9,"column":30},"end":{"line":19,"column":1}},"line":9}},"branchMap":{},"s":{"0":2,"1":1},"f":{"0":2},"b":{},"_coverageSchema":"43e27e138ebf9cfc5966b082cf9a028302ed4184","hash":"380ce309bd23a967c70a3909bd8601743100dd63"}
,"/Users/joellacey/turing/mod-4/react_fe/src/components/Landing/Landing.js": {"path":"/Users/joellacey/turing/mod-4/react_fe/src/components/Landing/Landing.js","statementMap":{"0":{"start":{"line":5,"column":4},"end":{"line":12,"column":6}},"1":{"start":{"line":10,"column":63},"end":{"line":10,"column":77}},"2":{"start":{"line":15,"column":15},"end":{"line":33,"column":2}}},"fnMap":{"0":{"name":"Landing","decl":{"start":{"line":4,"column":24},"end":{"line":4,"column":31}},"loc":{"start":{"line":4,"column":39},"end":{"line":13,"column":1}},"line":4},"1":{"name":"(anonymous_1)","decl":{"start":{"line":10,"column":57},"end":{"line":10,"column":58}},"loc":{"start":{"line":10,"column":63},"end":{"line":10,"column":77}},"line":10}},"branchMap":{},"s":{"0":1,"1":0,"2":1},"f":{"0":1,"1":0},"b":{},"_coverageSchema":"43e27e138ebf9cfc5966b082cf9a028302ed4184","hash":"2414ba21a3f4b6e5de68795b6396c0cb83dd6200"}
,"/Users/joellacey/turing/mod-4/react_fe/src/components/Profile/Profile.js": {"path":"/Users/joellacey/turing/mod-4/react_fe/src/components/Profile/Profile.js","statementMap":{"0":{"start":{"line":7,"column":28},"end":{"line":7,"column":64}},"1":{"start":{"line":8,"column":38},"end":{"line":8,"column":53}},"2":{"start":{"line":10,"column":4},"end":{"line":12,"column":10}},"3":{"start":{"line":11,"column":8},"end":{"line":11,"column":25}},"4":{"start":{"line":14,"column":27},"end":{"line":25,"column":5}},"5":{"start":{"line":15,"column":8},"end":{"line":24,"column":9}},"6":{"start":{"line":16,"column":31},"end":{"line":16,"column":65}},"7":{"start":{"line":17,"column":31},"end":{"line":17,"column":59}},"8":{"start":{"line":18,"column":12},"end":{"line":21,"column":13}},"9":{"start":{"line":19,"column":16},"end":{"line":19,"column":40}},"10":{"start":{"line":20,"column":16},"end":{"line":20,"column":31}},"11":{"start":{"line":23,"column":12},"end":{"line":23,"column":39}},"12":{"start":{"line":27,"column":27},"end":{"line":32,"column":9}},"13":{"start":{"line":28,"column":8},"end":{"line":31,"column":43}},"14":{"start":{"line":29,"column":26},"end":{"line":29,"column":37}},"15":{"start":{"line":30,"column":26},"end":{"line":30,"column":43}},"16":{"start":{"line":31,"column":26},"end":{"line":31,"column":42}},"17":{"start":{"line":34,"column":4},"end":{"line":51,"column":6}},"18":{"start":{"line":43,"column":75},"end":{"line":43,"column":91}},"19":{"start":{"line":54,"column":15},"end":{"line":85,"column":2}}},"fnMap":{"0":{"name":"Profile","decl":{"start":{"line":6,"column":24},"end":{"line":6,"column":31}},"loc":{"start":{"line":6,"column":34},"end":{"line":52,"column":1}},"line":6},"1":{"name":"(anonymous_1)","decl":{"start":{"line":10,"column":14},"end":{"line":10,"column":15}},"loc":{"start":{"line":10,"column":20},"end":{"line":12,"column":5}},"line":10},"2":{"name":"(anonymous_2)","decl":{"start":{"line":14,"column":27},"end":{"line":14,"column":28}},"loc":{"start":{"line":14,"column":39},"end":{"line":25,"column":5}},"line":14},"3":{"name":"(anonymous_3)","decl":{"start":{"line":27,"column":27},"end":{"line":27,"column":28}},"loc":{"start":{"line":27,"column":33},"end":{"line":32,"column":9}},"line":27},"4":{"name":"(anonymous_4)","decl":{"start":{"line":29,"column":18},"end":{"line":29,"column":19}},"loc":{"start":{"line":29,"column":26},"end":{"line":29,"column":37}},"line":29},"5":{"name":"(anonymous_5)","decl":{"start":{"line":30,"column":18},"end":{"line":30,"column":19}},"loc":{"start":{"line":30,"column":26},"end":{"line":30,"column":43}},"line":30},"6":{"name":"(anonymous_6)","decl":{"start":{"line":31,"column":19},"end":{"line":31,"column":20}},"loc":{"start":{"line":31,"column":26},"end":{"line":31,"column":42}},"line":31},"7":{"name":"(anonymous_7)","decl":{"start":{"line":43,"column":69},"end":{"line":43,"column":70}},"loc":{"start":{"line":43,"column":75},"end":{"line":43,"column":91}},"line":43}},"branchMap":{"0":{"loc":{"start":{"line":18,"column":12},"end":{"line":21,"column":13}},"type":"if","locations":[{"start":{"line":18,"column":12},"end":{"line":21,"column":13}},{"start":{"line":18,"column":12},"end":{"line":21,"column":13}}],"line":18},"1":{"loc":{"start":{"line":36,"column":13},"end":{"line":49,"column":13}},"type":"cond-expr","locations":[{"start":{"line":37,"column":16},"end":{"line":46,"column":23}},{"start":{"line":48,"column":16},"end":{"line":48,"column":37}}],"line":36}},"s":{"0":0,"1":0,"2":0,"3":0,"4":0,"5":0,"6":0,"7":0,"8":0,"9":0,"10":0,"11":0,"12":0,"13":0,"14":0,"15":0,"16":0,"17":0,"18":0,"19":1},"f":{"0":0,"1":0,"2":0,"3":0,"4":0,"5":0,"6":0,"7":0},"b":{"0":[0,0],"1":[0,0]},"_coverageSchema":"43e27e138ebf9cfc5966b082cf9a028302ed4184","hash":"20afb01375a042818f1e120f26aa4c59c3810da4"}
,"/Users/joellacey/turing/mod-4/react_fe/src/containers/Login/Login.js": {"path":"/Users/joellacey/turing/mod-4/react_fe/src/containers/Login/Login.js","statementMap":{"0":{"start":{"line":8,"column":34},"end":{"line":8,"column":49}},"1":{"start":{"line":10,"column":25},"end":{"line":27,"column":5}},"2":{"start":{"line":11,"column":24},"end":{"line":23,"column":9}},"3":{"start":{"line":25,"column":8},"end":{"line":26,"column":43}},"4":{"start":{"line":26,"column":26},"end":{"line":26,"column":42}},"5":{"start":{"line":29,"column":28},"end":{"line":36,"column":5}},"6":{"start":{"line":30,"column":8},"end":{"line":35,"column":9}},"7":{"start":{"line":31,"column":32},"end":{"line":31,"column":61}},"8":{"start":{"line":32,"column":12},"end":{"line":32,"column":60}},"9":{"start":{"line":34,"column":12},"end":{"line":34,"column":39}},"10":{"start":{"line":38,"column":19},"end":{"line":56,"column":5}},"11":{"start":{"line":39,"column":8},"end":{"line":55,"column":9}},"12":{"start":{"line":40,"column":27},"end":{"line":44,"column":14}},"13":{"start":{"line":46,"column":12},"end":{"line":52,"column":13}},"14":{"start":{"line":47,"column":16},"end":{"line":47,"column":36}},"15":{"start":{"line":48,"column":16},"end":{"line":48,"column":39}},"16":{"start":{"line":49,"column":16},"end":{"line":49,"column":31}},"17":{"start":{"line":51,"column":16},"end":{"line":51,"column":46}},"18":{"start":{"line":54,"column":12},"end":{"line":54,"column":35}},"19":{"start":{"line":58,"column":4},"end":{"line":66,"column":5}},"20":{"start":{"line":69,"column":18},"end":{"line":78,"column":1}},"21":{"start":{"line":70,"column":4},"end":{"line":77,"column":5}},"22":{"start":{"line":75,"column":63},"end":{"line":75,"column":77}},"23":{"start":{"line":80,"column":15},"end":{"line":99,"column":2}}},"fnMap":{"0":{"name":"Login","decl":{"start":{"line":7,"column":24},"end":{"line":7,"column":29}},"loc":{"start":{"line":7,"column":32},"end":{"line":67,"column":1}},"line":7},"1":{"name":"(anonymous_1)","decl":{"start":{"line":10,"column":25},"end":{"line":10,"column":26}},"loc":{"start":{"line":10,"column":96},"end":{"line":27,"column":5}},"line":10},"2":{"name":"(anonymous_2)","decl":{"start":{"line":26,"column":19},"end":{"line":26,"column":20}},"loc":{"start":{"line":26,"column":26},"end":{"line":26,"column":42}},"line":26},"3":{"name":"(anonymous_3)","decl":{"start":{"line":29,"column":28},"end":{"line":29,"column":29}},"loc":{"start":{"line":29,"column":45},"end":{"line":36,"column":5}},"line":29},"4":{"name":"(anonymous_4)","decl":{"start":{"line":38,"column":19},"end":{"line":38,"column":20}},"loc":{"start":{"line":38,"column":31},"end":{"line":56,"column":5}},"line":38},"5":{"name":"(anonymous_5)","decl":{"start":{"line":69,"column":18},"end":{"line":69,"column":19}},"loc":{"start":{"line":69,"column":27},"end":{"line":78,"column":1}},"line":69},"6":{"name":"(anonymous_6)","decl":{"start":{"line":75,"column":57},"end":{"line":75,"column":58}},"loc":{"start":{"line":75,"column":63},"end":{"line":75,"column":77}},"line":75}},"branchMap":{"0":{"loc":{"start":{"line":46,"column":12},"end":{"line":52,"column":13}},"type":"if","locations":[{"start":{"line":46,"column":12},"end":{"line":52,"column":13}},{"start":{"line":46,"column":12},"end":{"line":52,"column":13}}],"line":46},"1":{"loc":{"start":{"line":60,"column":13},"end":{"line":64,"column":17}},"type":"cond-expr","locations":[{"start":{"line":61,"column":16},"end":{"line":61,"column":34}},{"start":{"line":63,"column":16},"end":{"line":63,"column":45}}],"line":60}},"s":{"0":2,"1":2,"2":0,"3":0,"4":0,"5":2,"6":0,"7":0,"8":0,"9":0,"10":2,"11":0,"12":0,"13":0,"14":0,"15":0,"16":0,"17":0,"18":0,"19":2,"20":1,"21":2,"22":0,"23":1},"f":{"0":2,"1":0,"2":0,"3":0,"4":0,"5":2,"6":0},"b":{"0":[0,0],"1":[0,2]},"_coverageSchema":"43e27e138ebf9cfc5966b082cf9a028302ed4184","hash":"6bc6df6171166fd787dc460355245d324e2bb2dd"}
,"/Users/joellacey/turing/mod-4/react_fe/src/containers/PreferenceForm/PreferenceForm.js": {"path":"/Users/joellacey/turing/mod-4/react_fe/src/containers/PreferenceForm/PreferenceForm.js","statementMap":{"0":{"start":{"line":9,"column":32},"end":{"line":15,"column":3}},"1":{"start":{"line":18,"column":36},"end":{"line":18,"column":38}},"2":{"start":{"line":19,"column":49},"end":{"line":19,"column":64}},"3":{"start":{"line":20,"column":48},"end":{"line":20,"column":60}},"4":{"start":{"line":22,"column":21},"end":{"line":22,"column":71}},"5":{"start":{"line":23,"column":28},"end":{"line":36,"column":5}},"6":{"start":{"line":24,"column":24},"end":{"line":30,"column":9}},"7":{"start":{"line":32,"column":8},"end":{"line":35,"column":43}},"8":{"start":{"line":33,"column":26},"end":{"line":33,"column":37}},"9":{"start":{"line":34,"column":26},"end":{"line":34,"column":43}},"10":{"start":{"line":35,"column":26},"end":{"line":35,"column":42}},"11":{"start":{"line":38,"column":27},"end":{"line":51,"column":5}},"12":{"start":{"line":39,"column":8},"end":{"line":50,"column":9}},"13":{"start":{"line":40,"column":12},"end":{"line":40,"column":47}},"14":{"start":{"line":41,"column":12},"end":{"line":41,"column":48}},"15":{"start":{"line":42,"column":12},"end":{"line":42,"column":45}},"16":{"start":{"line":43,"column":15},"end":{"line":50,"column":9}},"17":{"start":{"line":44,"column":12},"end":{"line":44,"column":52}},"18":{"start":{"line":45,"column":12},"end":{"line":45,"column":45}},"19":{"start":{"line":46,"column":12},"end":{"line":46,"column":46}},"20":{"start":{"line":47,"column":12},"end":{"line":49,"column":13}},"21":{"start":{"line":48,"column":16},"end":{"line":48,"column":40}},"22":{"start":{"line":53,"column":28},"end":{"line":55,"column":5}},"23":{"start":{"line":54,"column":8},"end":{"line":54,"column":56}},"24":{"start":{"line":57,"column":4},"end":{"line":72,"column":5}},"25":{"start":{"line":58,"column":8},"end":{"line":64,"column":10}},"26":{"start":{"line":59,"column":12},"end":{"line":63,"column":13}},"27":{"start":{"line":66,"column":8},"end":{"line":71,"column":10}},"28":{"start":{"line":69,"column":16},"end":{"line":69,"column":150}},"29":{"start":{"line":74,"column":4},"end":{"line":85,"column":6}},"30":{"start":{"line":78,"column":86},"end":{"line":78,"column":103}},"31":{"start":{"line":88,"column":15},"end":{"line":117,"column":2}}},"fnMap":{"0":{"name":"PreferenceForm","decl":{"start":{"line":17,"column":24},"end":{"line":17,"column":38}},"loc":{"start":{"line":17,"column":41},"end":{"line":86,"column":1}},"line":17},"1":{"name":"(anonymous_1)","decl":{"start":{"line":23,"column":28},"end":{"line":23,"column":29}},"loc":{"start":{"line":23,"column":43},"end":{"line":36,"column":5}},"line":23},"2":{"name":"(anonymous_2)","decl":{"start":{"line":33,"column":18},"end":{"line":33,"column":19}},"loc":{"start":{"line":33,"column":26},"end":{"line":33,"column":37}},"line":33},"3":{"name":"(anonymous_3)","decl":{"start":{"line":34,"column":18},"end":{"line":34,"column":19}},"loc":{"start":{"line":34,"column":26},"end":{"line":34,"column":43}},"line":34},"4":{"name":"(anonymous_4)","decl":{"start":{"line":35,"column":19},"end":{"line":35,"column":20}},"loc":{"start":{"line":35,"column":26},"end":{"line":35,"column":42}},"line":35},"5":{"name":"(anonymous_5)","decl":{"start":{"line":38,"column":27},"end":{"line":38,"column":28}},"loc":{"start":{"line":38,"column":45},"end":{"line":51,"column":5}},"line":38},"6":{"name":"(anonymous_6)","decl":{"start":{"line":53,"column":28},"end":{"line":53,"column":29}},"loc":{"start":{"line":53,"column":34},"end":{"line":55,"column":5}},"line":53},"7":{"name":"(anonymous_7)","decl":{"start":{"line":58,"column":47},"end":{"line":58,"column":48}},"loc":{"start":{"line":58,"column":68},"end":{"line":64,"column":9}},"line":58},"8":{"name":"(anonymous_8)","decl":{"start":{"line":68,"column":24},"end":{"line":68,"column":25}},"loc":{"start":{"line":69,"column":16},"end":{"line":69,"column":150}},"line":69},"9":{"name":"(anonymous_9)","decl":{"start":{"line":78,"column":80},"end":{"line":78,"column":81}},"loc":{"start":{"line":78,"column":86},"end":{"line":78,"column":103}},"line":78}},"branchMap":{"0":{"loc":{"start":{"line":39,"column":8},"end":{"line":50,"column":9}},"type":"if","locations":[{"start":{"line":39,"column":8},"end":{"line":50,"column":9}},{"start":{"line":39,"column":8},"end":{"line":50,"column":9}}],"line":39},"1":{"loc":{"start":{"line":43,"column":15},"end":{"line":50,"column":9}},"type":"if","locations":[{"start":{"line":43,"column":15},"end":{"line":50,"column":9}},{"start":{"line":43,"column":15},"end":{"line":50,"column":9}}],"line":43},"2":{"loc":{"start":{"line":47,"column":12},"end":{"line":49,"column":13}},"type":"if","locations":[{"start":{"line":47,"column":12},"end":{"line":49,"column":13}},{"start":{"line":47,"column":12},"end":{"line":49,"column":13}}],"line":47},"3":{"loc":{"start":{"line":57,"column":4},"end":{"line":72,"column":5}},"type":"if","locations":[{"start":{"line":57,"column":4},"end":{"line":72,"column":5}},{"start":{"line":57,"column":4},"end":{"line":72,"column":5}}],"line":57},"4":{"loc":{"start":{"line":69,"column":83},"end":{"line":69,"column":114}},"type":"cond-expr","locations":[{"start":{"line":69,"column":99},"end":{"line":69,"column":109}},{"start":{"line":69,"column":112},"end":{"line":69,"column":114}}],"line":69},"5":{"loc":{"start":{"line":78,"column":13},"end":{"line":80,"column":31}},"type":"binary-expr","locations":[{"start":{"line":78,"column":13},"end":{"line":78,"column":27}},{"start":{"line":78,"column":31},"end":{"line":80,"column":31}}],"line":78},"6":{"loc":{"start":{"line":78,"column":115},"end":{"line":78,"column":144}},"type":"cond-expr","locations":[{"start":{"line":78,"column":132},"end":{"line":78,"column":137}},{"start":{"line":78,"column":140},"end":{"line":78,"column":144}}],"line":78}},"s":{"0":1,"1":0,"2":0,"3":0,"4":0,"5":0,"6":0,"7":0,"8":0,"9":0,"10":0,"11":0,"12":0,"13":0,"14":0,"15":0,"16":0,"17":0,"18":0,"19":0,"20":0,"21":0,"22":0,"23":0,"24":0,"25":0,"26":0,"27":0,"28":0,"29":0,"30":0,"31":1},"f":{"0":0,"1":0,"2":0,"3":0,"4":0,"5":0,"6":0,"7":0,"8":0,"9":0},"b":{"0":[0,0],"1":[0,0],"2":[0,0],"3":[0,0],"4":[0,0],"5":[0,0],"6":[0,0]},"_coverageSchema":"43e27e138ebf9cfc5966b082cf9a028302ed4184","hash":"88ffc3b847dac46c467ac81e3543d6401afb695a"}
,"/Users/joellacey/turing/mod-4/react_fe/src/containers/TreatSelector/TreatSelector.js": {"path":"/Users/joellacey/turing/mod-4/react_fe/src/containers/TreatSelector/TreatSelector.js","statementMap":{"0":{"start":{"line":6,"column":4},"end":{"line":11,"column":6}},"1":{"start":{"line":7,"column":75},"end":{"line":7,"column":105}},"2":{"start":{"line":14,"column":15},"end":{"line":31,"column":2}}},"fnMap":{"0":{"name":"TreatSelector","decl":{"start":{"line":5,"column":24},"end":{"line":5,"column":37}},"loc":{"start":{"line":5,"column":76},"end":{"line":12,"column":1}},"line":5},"1":{"name":"(anonymous_1)","decl":{"start":{"line":7,"column":69},"end":{"line":7,"column":70}},"loc":{"start":{"line":7,"column":75},"end":{"line":7,"column":105}},"line":7}},"branchMap":{},"s":{"0":1,"1":0,"2":2},"f":{"0":1,"1":0},"b":{},"_coverageSchema":"43e27e138ebf9cfc5966b082cf9a028302ed4184","hash":"38347965ab21694a9d18b31524f46a95d4204663"}
,"/Users/joellacey/turing/mod-4/react_fe/src/helpers/assets.js": {"path":"/Users/joellacey/turing/mod-4/react_fe/src/helpers/assets.js","statementMap":{"0":{"start":{"line":1,"column":23},"end":{"line":1,"column":75}},"1":{"start":{"line":2,"column":22},"end":{"line":2,"column":73}},"2":{"start":{"line":3,"column":24},"end":{"line":3,"column":77}},"3":{"start":{"line":4,"column":26},"end":{"line":4,"column":87}},"4":{"start":{"line":5,"column":20},"end":{"line":5,"column":72}},"5":{"start":{"line":6,"column":21},"end":{"line":6,"column":74}},"6":{"start":{"line":7,"column":24},"end":{"line":7,"column":77}},"7":{"start":{"line":8,"column":20},"end":{"line":8,"column":74}},"8":{"start":{"line":9,"column":21},"end":{"line":9,"column":71}},"9":{"start":{"line":10,"column":22},"end":{"line":10,"column":73}},"10":{"start":{"line":11,"column":26},"end":{"line":11,"column":81}},"11":{"start":{"line":12,"column":27},"end":{"line":12,"column":83}},"12":{"start":{"line":13,"column":21},"end":{"line":13,"column":71}},"13":{"start":{"line":14,"column":26},"end":{"line":14,"column":81}},"14":{"start":{"line":15,"column":23},"end":{"line":15,"column":75}},"15":{"start":{"line":16,"column":24},"end":{"line":16,"column":77}},"16":{"start":{"line":17,"column":20},"end":{"line":17,"column":69}}},"fnMap":{},"branchMap":{},"s":{"0":2,"1":2,"2":2,"3":2,"4":2,"5":2,"6":2,"7":2,"8":2,"9":2,"10":2,"11":2,"12":2,"13":2,"14":2,"15":2,"16":2},"f":{},"b":{},"_coverageSchema":"43e27e138ebf9cfc5966b082cf9a028302ed4184","hash":"b9a0f5943a07df4c0854a9f859cf1893c1bd5abc"}
,"/Users/joellacey/turing/mod-4/react_fe/src/helpers/fetch.js": {"path":"/Users/joellacey/turing/mod-4/react_fe/src/helpers/fetch.js","statementMap":{"0":{"start":{"line":1,"column":25},"end":{"line":10,"column":1}},"1":{"start":{"line":2,"column":4},"end":{"line":9,"column":10}},"2":{"start":{"line":4,"column":12},"end":{"line":8,"column":13}},"3":{"start":{"line":5,"column":16},"end":{"line":5,"column":67}},"4":{"start":{"line":7,"column":16},"end":{"line":7,"column":31}}},"fnMap":{"0":{"name":"(anonymous_0)","decl":{"start":{"line":1,"column":25},"end":{"line":1,"column":26}},"loc":{"start":{"line":1,"column":48},"end":{"line":10,"column":1}},"line":1},"1":{"name":"(anonymous_1)","decl":{"start":{"line":3,"column":14},"end":{"line":3,"column":15}},"loc":{"start":{"line":3,"column":26},"end":{"line":9,"column":9}},"line":3}},"branchMap":{"0":{"loc":{"start":{"line":1,"column":31},"end":{"line":1,"column":43}},"type":"default-arg","locations":[{"start":{"line":1,"column":41},"end":{"line":1,"column":43}}],"line":1},"1":{"loc":{"start":{"line":4,"column":12},"end":{"line":8,"column":13}},"type":"if","locations":[{"start":{"line":4,"column":12},"end":{"line":8,"column":13}},{"start":{"line":4,"column":12},"end":{"line":8,"column":13}}],"line":4}},"s":{"0":2,"1":2,"2":2,"3":1,"4":1},"f":{"0":2,"1":2},"b":{"0":[2],"1":[1,1]},"_coverageSchema":"43e27e138ebf9cfc5966b082cf9a028302ed4184","hash":"fc89e1787d755aeb4b72ec10c142cf897f5ee507"}
,"/Users/joellacey/turing/mod-4/react_fe/src/mockData/mockTreat.js": {"path":"/Users/joellacey/turing/mod-4/react_fe/src/mockData/mockTreat.js","statementMap":{"0":{"start":{"line":1,"column":25},"end":{"line":6,"column":1}},"1":{"start":{"line":8,"column":30},"end":{"line":14,"column":1}},"2":{"start":{"line":16,"column":30},"end":{"line":49,"column":1}},"3":{"start":{"line":51,"column":26},"end":{"line":65,"column":6}},"4":{"start":{"line":67,"column":24},"end":{"line":80,"column":1}}},"fnMap":{},"branchMap":{},"s":{"0":1,"1":1,"2":1,"3":1,"4":1},"f":{},"b":{},"_coverageSchema":"43e27e138ebf9cfc5966b082cf9a028302ed4184","hash":"618656ecfae6192854241b26a106edc351eed6c3"}
}
