TN:
SF:/Users/joellacey/turing/mod-4/react_fe/assets/logo.png
FNF:0
FNH:0
DA:1,2
LF:1
LH:1
BRF:0
BRH:0
end_of_record
TN:
SF:/Users/joellacey/turing/mod-4/react_fe/assets/icons/categories/beauty.png
FNF:0
FNH:0
DA:1,2
LF:1
LH:1
BRF:0
BRH:0
end_of_record
TN:
SF:/Users/joellacey/turing/mod-4/react_fe/assets/icons/categories/cleaning.png
FNF:0
FNH:0
DA:1,2
LF:1
LH:1
BRF:0
BRH:0
end_of_record
TN:
SF:/Users/joellacey/turing/mod-4/react_fe/assets/icons/categories/communityService.png
FNF:0
FNH:0
DA:1,2
LF:1
LH:1
BRF:0
BRH:0
end_of_record
TN:
SF:/Users/joellacey/turing/mod-4/react_fe/assets/icons/categories/cooking.png
FNF:0
FNH:0
DA:1,2
LF:1
LH:1
BRF:0
BRH:0
end_of_record
TN:
SF:/Users/joellacey/turing/mod-4/react_fe/assets/icons/categories/crafting.png
FNF:0
FNH:0
DA:1,2
LF:1
LH:1
BRF:0
BRH:0
end_of_record
TN:
SF:/Users/joellacey/turing/mod-4/react_fe/assets/icons/categories/exercise.png
FNF:0
FNH:0
DA:1,2
LF:1
LH:1
BRF:0
BRH:0
end_of_record
TN:
SF:/Users/joellacey/turing/mod-4/react_fe/assets/icons/categories/gardening.png
FNF:0
FNH:0
DA:1,2
LF:1
LH:1
BRF:0
BRH:0
end_of_record
TN:
SF:/Users/joellacey/turing/mod-4/react_fe/assets/icons/categories/group.png
FNF:0
FNH:0
DA:1,2
LF:1
LH:1
BRF:0
BRH:0
end_of_record
TN:
SF:/Users/joellacey/turing/mod-4/react_fe/assets/icons/categories/indoor.png
FNF:0
FNH:0
DA:1,2
LF:1
LH:1
BRF:0
BRH:0
end_of_record
TN:
SF:/Users/joellacey/turing/mod-4/react_fe/assets/icons/categories/journaling.png
FNF:0
FNH:0
DA:1,2
LF:1
LH:1
BRF:0
BRH:0
end_of_record
TN:
SF:/Users/joellacey/turing/mod-4/react_fe/assets/icons/categories/mindfulness.png
FNF:0
FNH:0
DA:1,2
LF:1
LH:1
BRF:0
BRH:0
end_of_record
TN:
SF:/Users/joellacey/turing/mod-4/react_fe/assets/icons/categories/music.png
FNF:0
FNH:0
DA:1,2
LF:1
LH:1
BRF:0
BRH:0
end_of_record
TN:
SF:/Users/joellacey/turing/mod-4/react_fe/assets/icons/categories/organizing.png
FNF:0
FNH:0
DA:1,2
LF:1
LH:1
BRF:0
BRH:0
end_of_record
TN:
SF:/Users/joellacey/turing/mod-4/react_fe/assets/icons/categories/outdoor.png
FNF:0
FNH:0
DA:1,2
LF:1
LH:1
BRF:0
BRH:0
end_of_record
TN:
SF:/Users/joellacey/turing/mod-4/react_fe/assets/icons/categories/reading.png
FNF:0
FNH:0
DA:1,2
LF:1
LH:1
BRF:0
BRH:0
end_of_record
TN:
SF:/Users/joellacey/turing/mod-4/react_fe/assets/icons/categories/shopping.png
FNF:0
FNH:0
DA:1,2
LF:1
LH:1
BRF:0
BRH:0
end_of_record
TN:
SF:/Users/joellacey/turing/mod-4/react_fe/assets/icons/categories/solo.png
FNF:0
FNH:0
DA:1,2
LF:1
LH:1
BRF:0
BRH:0
end_of_record
TN:
SF:/Users/joellacey/turing/mod-4/react_fe/src/components/Calendar/Calendar.js
FN:8,Calendar
FN:12,(anonymous_1)
FN:16,(anonymous_2)
FN:18,(anonymous_3)
FN:19,(anonymous_4)
FN:25,(anonymous_5)
FN:28,(anonymous_6)
FN:51,(anonymous_7)
FN:64,(anonymous_8)
FN:65,(anonymous_9)
FN:66,(anonymous_10)
FNF:11
FNH:0
FNDA:0,Calendar
FNDA:0,(anonymous_1)
FNDA:0,(anonymous_2)
FNDA:0,(anonymous_3)
FNDA:0,(anonymous_4)
FNDA:0,(anonymous_5)
FNDA:0,(anonymous_6)
FNDA:0,(anonymous_7)
FNDA:0,(anonymous_8)
FNDA:0,(anonymous_9)
FNDA:0,(anonymous_10)
DA:9,0
DA:10,0
DA:12,0
DA:13,0
DA:16,0
DA:17,0
DA:18,0
DA:20,0
DA:21,0
DA:22,0
DA:25,0
DA:28,0
DA:29,0
DA:30,0
DA:31,0
DA:32,0
DA:33,0
DA:34,0
DA:35,0
DA:36,0
DA:42,0
DA:43,0
DA:45,0
DA:48,0
DA:51,0
DA:52,0
DA:59,0
DA:64,0
DA:65,0
DA:67,0
DA:77,1
LF:31
LH:1
BRDA:20,0,0,0
BRDA:20,0,1,0
BRDA:42,1,0,0
BRDA:42,1,1,0
BRF:4
BRH:0
end_of_record
TN:
SF:/Users/joellacey/turing/mod-4/react_fe/src/components/Calendar/TreatEvent.js
FN:4,TreatEvent
FNF:1
FNH:1
FNDA:2,TreatEvent
DA:5,2
DA:16,2
LF:2
LH:2
BRDA:7,0,0,1
BRDA:7,0,1,1
BRF:2
BRH:2
end_of_record
TN:
SF:/Users/joellacey/turing/mod-4/react_fe/src/components/Index/Index.js
FN:9,App
FNF:1
FNH:1
FNDA:2,App
DA:10,2
DA:23,1
LF:2
LH:2
BRF:0
BRH:0
end_of_record
TN:
SF:/Users/joellacey/turing/mod-4/react_fe/src/components/Landing/Landing.js
FN:4,Landing
FN:10,(anonymous_1)
FNF:2
FNH:1
FNDA:1,Landing
FNDA:0,(anonymous_1)
DA:5,1
DA:10,0
DA:15,1
LF:3
LH:2
BRF:0
BRH:0
end_of_record
TN:
SF:/Users/joellacey/turing/mod-4/react_fe/src/components/Profile/Profile.js
FN:6,Profile
FN:10,(anonymous_1)
FN:14,(anonymous_2)
FN:27,(anonymous_3)
FN:29,(anonymous_4)
FN:30,(anonymous_5)
FN:31,(anonymous_6)
FN:43,(anonymous_7)
FNF:8
FNH:0
FNDA:0,Profile
FNDA:0,(anonymous_1)
FNDA:0,(anonymous_2)
FNDA:0,(anonymous_3)
FNDA:0,(anonymous_4)
FNDA:0,(anonymous_5)
FNDA:0,(anonymous_6)
FNDA:0,(anonymous_7)
DA:7,0
DA:8,0
DA:10,0
DA:11,0
DA:14,0
DA:15,0
DA:16,0
DA:17,0
DA:18,0
DA:19,0
DA:20,0
DA:23,0
DA:27,0
DA:28,0
DA:29,0
DA:30,0
DA:31,0
DA:34,0
DA:43,0
DA:54,1
LF:20
LH:1
BRDA:18,0,0,0
BRDA:18,0,1,0
BRDA:36,1,0,0
BRDA:36,1,1,0
BRF:4
BRH:0
end_of_record
TN:
SF:/Users/joellacey/turing/mod-4/react_fe/src/containers/Login/Login.js
FN:7,Login
FN:10,(anonymous_1)
FN:26,(anonymous_2)
FN:29,(anonymous_3)
FN:38,(anonymous_4)
FN:69,(anonymous_5)
FN:75,(anonymous_6)
FNF:7
FNH:2
FNDA:2,Login
FNDA:0,(anonymous_1)
FNDA:0,(anonymous_2)
FNDA:0,(anonymous_3)
FNDA:0,(anonymous_4)
FNDA:2,(anonymous_5)
FNDA:0,(anonymous_6)
DA:8,2
DA:10,2
DA:11,0
DA:25,0
DA:26,0
DA:29,2
DA:30,0
DA:31,0
DA:32,0
DA:34,0
DA:38,2
DA:39,0
DA:40,0
DA:46,0
DA:47,0
DA:48,0
DA:49,0
DA:51,0
DA:54,0
DA:58,2
DA:69,1
DA:70,2
DA:75,0
DA:80,1
LF:24
LH:8
BRDA:46,0,0,0
BRDA:46,0,1,0
BRDA:60,1,0,0
BRDA:60,1,1,2
BRF:4
BRH:1
end_of_record
TN:
SF:/Users/joellacey/turing/mod-4/react_fe/src/containers/PreferenceForm/PreferenceForm.js
FN:17,PreferenceForm
FN:23,(anonymous_1)
FN:33,(anonymous_2)
FN:34,(anonymous_3)
FN:35,(anonymous_4)
FN:38,(anonymous_5)
FN:53,(anonymous_6)
FN:58,(anonymous_7)
FN:68,(anonymous_8)
FN:78,(anonymous_9)
FNF:10
FNH:0
FNDA:0,PreferenceForm
FNDA:0,(anonymous_1)
FNDA:0,(anonymous_2)
FNDA:0,(anonymous_3)
FNDA:0,(anonymous_4)
FNDA:0,(anonymous_5)
FNDA:0,(anonymous_6)
FNDA:0,(anonymous_7)
FNDA:0,(anonymous_8)
FNDA:0,(anonymous_9)
DA:9,1
DA:18,0
DA:19,0
DA:20,0
DA:22,0
DA:23,0
DA:24,0
DA:32,0
DA:33,0
DA:34,0
DA:35,0
DA:38,0
DA:39,0
DA:40,0
DA:41,0
DA:42,0
DA:43,0
DA:44,0
DA:45,0
DA:46,0
DA:47,0
DA:48,0
DA:53,0
DA:54,0
DA:57,0
DA:58,0
DA:59,0
DA:66,0
DA:69,0
DA:74,0
DA:78,0
DA:88,1
LF:32
LH:2
BRDA:39,0,0,0
BRDA:39,0,1,0
BRDA:43,1,0,0
BRDA:43,1,1,0
BRDA:47,2,0,0
BRDA:47,2,1,0
BRDA:57,3,0,0
BRDA:57,3,1,0
BRDA:69,4,0,0
BRDA:69,4,1,0
BRDA:78,5,0,0
BRDA:78,5,1,0
BRDA:78,6,0,0
BRDA:78,6,1,0
BRF:14
BRH:0
end_of_record
TN:
SF:/Users/joellacey/turing/mod-4/react_fe/src/containers/TreatSelector/TreatSelector.js
FN:5,TreatSelector
FN:7,(anonymous_1)
FNF:2
FNH:1
FNDA:1,TreatSelector
FNDA:0,(anonymous_1)
DA:6,1
DA:7,0
DA:14,2
LF:3
LH:2
BRF:0
BRH:0
end_of_record
TN:
SF:/Users/joellacey/turing/mod-4/react_fe/src/helpers/assets.js
FNF:0
FNH:0
DA:1,2
DA:2,2
DA:3,2
DA:4,2
DA:5,2
DA:6,2
DA:7,2
DA:8,2
DA:9,2
DA:10,2
DA:11,2
DA:12,2
DA:13,2
DA:14,2
DA:15,2
DA:16,2
DA:17,2
LF:17
LH:17
BRF:0
BRH:0
end_of_record
TN:
SF:/Users/joellacey/turing/mod-4/react_fe/src/helpers/fetch.js
FN:1,(anonymous_0)
FN:3,(anonymous_1)
FNF:2
FNH:2
FNDA:2,(anonymous_0)
FNDA:2,(anonymous_1)
DA:1,2
DA:2,2
DA:4,2
DA:5,1
DA:7,1
LF:5
LH:5
BRDA:1,0,0,2
BRDA:4,1,0,1
BRDA:4,1,1,1
BRF:3
BRH:3
end_of_record
TN:
SF:/Users/joellacey/turing/mod-4/react_fe/src/mockData/mockTreat.js
FNF:0
FNH:0
DA:1,1
DA:8,1
DA:16,1
DA:51,1
DA:67,1
LF:5
LH:5
BRF:0
BRH:0
end_of_record
